TN:
SF:server/index.ts
FN:22,(anonymous_1)
FN:36,(anonymous_2)
FN:51,(anonymous_3)
FN:59,(anonymous_4)
FNF:4
FNH:1
FNDA:1,(anonymous_1)
FNDA:0,(anonymous_2)
FNDA:0,(anonymous_3)
FNDA:0,(anonymous_4)
DA:2,1
DA:3,1
DA:4,1
DA:5,1
DA:7,1
DA:9,1
DA:10,1
DA:11,1
DA:14,1
DA:15,1
DA:20,1
DA:23,1
DA:24,1
DA:25,1
DA:27,0
DA:28,0
DA:34,1
DA:37,0
DA:38,0
DA:39,0
DA:42,0
DA:44,0
DA:45,0
DA:51,1
DA:52,0
DA:53,0
DA:58,1
DA:59,0
DA:60,0
DA:65,1
LF:30
LH:18
BRDA:11,0,0,1
BRDA:11,0,1,1
BRDA:53,1,0,0
BRDA:53,1,1,0
BRDA:58,2,0,0
BRF:5
BRH:2
end_of_record
